#
# A fatal error has been detected by the Java Runtime Environment:
#
#  EXCEPTION_ACCESS_VIOLATION (0xc0000005) at pc=0x19736cb2, pid=1268, tid=7092
#
# JRE version: Java(TM) SE Runtime Environment (8.0_05-b13) (build 1.8.0_05-b13)
# Java VM: Java HotSpot(TM) Client VM (25.5-b02 mixed mode windows-x86 )
# Problematic frame:
# C  [nvoglv32.DLL+0x986cb2]
#
# Failed to write core dump. Minidumps are not enabled by default on client versions of Windows
#
# If you would like to submit a bug report, please visit:
#   http://bugreport.sun.com/bugreport/crash.jsp
# The crash happened outside the Java Virtual Machine in native code.
# See problematic frame for where to report the bug.
#

---------------  T H R E A D  ---------------

Current thread (0x14019000):  JavaThread "AWT-EventQueue-0" [_thread_in_native, id=7092, stack(0x14c10000,0x14c60000)]

siginfo: ExceptionCode=0xc0000005, reading address 0x00000000

Registers:
EAX=0x1ab6d190, EBX=0x00000000, ECX=0x400c15f0, EDX=0x00000000
ESP=0x14c5e84c, EBP=0x14c5e860, ESI=0x00000000, EDI=0x00000003
EIP=0x19736cb2, EFLAGS=0x00010246

Top of Stack: (sp=0x14c5e84c)
0x14c5e84c:   1c410020 17800000 1759f7d0 00000000
0x14c5e85c:   000006d4 14c5e888 19732038 17800000
0x14c5e86c:   1c410020 00000004 00000000 00000000
0x14c5e87c:   00000000 17800000 00002649 14c5e948
0x14c5e88c:   1973511a 17800000 1ab6d184 00000004
0x14c5e89c:   00000000 ffffffff 00000006 00000000
0x14c5e8ac:   17800000 00001405 00000004 1a86cad8
0x14c5e8bc:   00000000 00000000 14c5e91c 1973e4a5 

Instructions: (pc=0x19736cb2)
0x19736c92:   55 14 8b 81 d4 f3 01 00 8b 40 60 8b cf c1 e1 12
0x19736ca2:   81 c9 f0 15 00 40 89 08 83 c0 04 2b d7 89 55 14
0x19736cb2:   0f b7 0e 66 03 cb 66 89 08 0f b7 4e 04 66 03 cb
0x19736cc2:   66 89 48 02 83 c6 08 83 c0 04 4f 75 e3 39 7d f8 


Register to memory mapping:

EAX=0x1ab6d190 is an unknown value
EBX=0x00000000 is an unknown value
ECX=0x400c15f0 is an unknown value
EDX=0x00000000 is an unknown value
ESP=0x14c5e84c is pointing into the stack for thread: 0x14019000
EBP=0x14c5e860 is pointing into the stack for thread: 0x14019000
ESI=0x00000000 is an unknown value
EDI=0x00000003 is an unknown value


Stack: [0x14c10000,0x14c60000],  sp=0x14c5e84c,  free space=314k
Native frames: (J=compiled Java code, j=interpreted, Vv=VM code, C=native code)
C  [nvoglv32.DLL+0x986cb2]
C  [nvoglv32.DLL+0x982038]
C  [nvoglv32.DLL+0x98511a]
C  [nvoglv32.DLL+0x19281c]
C  [jogl_desktop.dll+0x2b1be]
j  jogamp.opengl.gl4.GL4bcImpl.dispatch_glMultiDrawElements0(ILjava/lang/Object;IILjava/lang/Object;IIJ)V+0
j  jogamp.opengl.gl4.GL4bcImpl.glMultiDrawElements(ILjava/nio/IntBuffer;ILcom/jogamp/common/nio/PointerBuffer;I)V+101
j  javax.media.opengl.DebugGL4bc.glMultiDrawElements(ILjava/nio/IntBuffer;ILcom/jogamp/common/nio/PointerBuffer;I)V+15
j  org.andork.breakout.model.TransparentTerrain.draw(Lorg/andork/jogl/neu/JoglDrawContext;Ljavax/media/opengl/GL2ES2;[F[F)V+234
j  org.andork.jogl.neu.JoglScene.drawObjects(Ljavax/media/opengl/GL2ES2;)V+86
j  org.andork.jogl.neu.JoglScene.display(Ljavax/media/opengl/GLAutoDrawable;)V+586
j  jogamp.opengl.GLDrawableHelper.displayImpl(Ljavax/media/opengl/GLAutoDrawable;)V+81
j  jogamp.opengl.GLDrawableHelper.display(Ljavax/media/opengl/GLAutoDrawable;)V+25
j  javax.media.opengl.awt.GLCanvas$9.run()V+118
j  jogamp.opengl.GLDrawableHelper.invokeGLImpl(Ljavax/media/opengl/GLDrawable;Ljavax/media/opengl/GLContext;Ljava/lang/Runnable;Ljava/lang/Runnable;)V+206
j  jogamp.opengl.GLDrawableHelper.invokeGL(Ljavax/media/opengl/GLDrawable;Ljavax/media/opengl/GLContext;Ljava/lang/Runnable;Ljava/lang/Runnable;)V+80
j  javax.media.opengl.awt.GLCanvas$10.run()V+73
j  javax.media.opengl.Threading.invoke(ZLjava/lang/Runnable;Ljava/lang/Object;)V+33
j  javax.media.opengl.awt.GLCanvas.display()V+64
j  jogamp.opengl.GLDrawableHelper.invoke(Ljavax/media/opengl/GLAutoDrawable;ZLjavax/media/opengl/GLRunnable;)Z+128
j  javax.media.opengl.awt.GLCanvas.invoke(ZLjavax/media/opengl/GLRunnable;)Z+7
j  org.andork.breakout.BreakoutMainView$SurveyTableChangeHandler$1.lambda$1(Lorg/andork/breakout/model/Survey3dModel;Lorg/andork/breakout/model/TransparentTerrain;)V+107
j  org.andork.breakout.BreakoutMainView$SurveyTableChangeHandler$1$$Lambda$18.run()V+12
J 1263 C1 java.awt.event.InvocationEvent.dispatch()V (69 bytes) @ 0x01ad46ec [0x01ad4600+0xec]
J 1166 C1 java.awt.EventQueue.dispatchEventImpl(Ljava/awt/AWTEvent;Ljava/lang/Object;)V (149 bytes) @ 0x01aaf360 [0x01aaeef0+0x470]
J 1173 C1 java.awt.EventQueue$3.run()Ljava/lang/Void; (60 bytes) @ 0x01ab1368 [0x01ab1300+0x68]
J 1172 C1 java.awt.EventQueue$3.run()Ljava/lang/Object; (5 bytes) @ 0x01ab10e8 [0x01ab10c0+0x28]
v  ~StubRoutines::call_stub
V  [jvm.dll+0x142285]
V  [jvm.dll+0x2070be]
V  [jvm.dll+0x14231e]
V  [jvm.dll+0xf99ed]
C  [java.dll+0x102f]
J 1161 C1 java.awt.EventQueue.dispatchEvent(Ljava/awt/AWTEvent;)V (80 bytes) @ 0x01aad8d0 [0x01aad710+0x1c0]
J 836 C1 java.awt.EventDispatchThread.pumpOneEventForFilters(I)V (295 bytes) @ 0x01a2745c [0x01a26d50+0x70c]
j  java.awt.EventDispatchThread.pumpEventsForFilter(ILjava/awt/Conditional;Ljava/awt/EventFilter;)V+35
j  java.awt.EventDispatchThread.pumpEventsForHierarchy(ILjava/awt/Conditional;Ljava/awt/Component;)V+11
j  java.awt.EventDispatchThread.pumpEvents(ILjava/awt/Conditional;)V+4
j  java.awt.EventDispatchThread.pumpEvents(Ljava/awt/Conditional;)V+3
j  java.awt.EventDispatchThread.run()V+9
v  ~StubRoutines::call_stub
V  [jvm.dll+0x142285]
V  [jvm.dll+0x2070be]
V  [jvm.dll+0x14231e]
V  [jvm.dll+0x1424a6]
V  [jvm.dll+0x142517]
V  [jvm.dll+0xede0f]
V  [jvm.dll+0x1645fc]
V  [jvm.dll+0x164e8a]
V  [jvm.dll+0x1a9186]
C  [msvcr100.dll+0x5c556]
C  [msvcr100.dll+0x5c600]
C  [kernel32.dll+0x4ee1c]
C  [ntdll.dll+0x637eb]
C  [ntdll.dll+0x637be]

Java frames: (J=compiled Java code, j=interpreted, Vv=VM code)
j  jogamp.opengl.gl4.GL4bcImpl.dispatch_glMultiDrawElements0(ILjava/lang/Object;IILjava/lang/Object;IIJ)V+0
j  jogamp.opengl.gl4.GL4bcImpl.glMultiDrawElements(ILjava/nio/IntBuffer;ILcom/jogamp/common/nio/PointerBuffer;I)V+101
j  javax.media.opengl.DebugGL4bc.glMultiDrawElements(ILjava/nio/IntBuffer;ILcom/jogamp/common/nio/PointerBuffer;I)V+15
j  org.andork.breakout.model.TransparentTerrain.draw(Lorg/andork/jogl/neu/JoglDrawContext;Ljavax/media/opengl/GL2ES2;[F[F)V+234
j  org.andork.jogl.neu.JoglScene.drawObjects(Ljavax/media/opengl/GL2ES2;)V+86
j  org.andork.jogl.neu.JoglScene.display(Ljavax/media/opengl/GLAutoDrawable;)V+586
j  jogamp.opengl.GLDrawableHelper.displayImpl(Ljavax/media/opengl/GLAutoDrawable;)V+81
j  jogamp.opengl.GLDrawableHelper.display(Ljavax/media/opengl/GLAutoDrawable;)V+25
j  javax.media.opengl.awt.GLCanvas$9.run()V+118
j  jogamp.opengl.GLDrawableHelper.invokeGLImpl(Ljavax/media/opengl/GLDrawable;Ljavax/media/opengl/GLContext;Ljava/lang/Runnable;Ljava/lang/Runnable;)V+206
j  jogamp.opengl.GLDrawableHelper.invokeGL(Ljavax/media/opengl/GLDrawable;Ljavax/media/opengl/GLContext;Ljava/lang/Runnable;Ljava/lang/Runnable;)V+80
j  javax.media.opengl.awt.GLCanvas$10.run()V+73
j  javax.media.opengl.Threading.invoke(ZLjava/lang/Runnable;Ljava/lang/Object;)V+33
j  javax.media.opengl.awt.GLCanvas.display()V+64
j  jogamp.opengl.GLDrawableHelper.invoke(Ljavax/media/opengl/GLAutoDrawable;ZLjavax/media/opengl/GLRunnable;)Z+128
j  javax.media.opengl.awt.GLCanvas.invoke(ZLjavax/media/opengl/GLRunnable;)Z+7
j  org.andork.breakout.BreakoutMainView$SurveyTableChangeHandler$1.lambda$1(Lorg/andork/breakout/model/Survey3dModel;Lorg/andork/breakout/model/TransparentTerrain;)V+107
j  org.andork.breakout.BreakoutMainView$SurveyTableChangeHandler$1$$Lambda$18.run()V+12
J 1263 C1 java.awt.event.InvocationEvent.dispatch()V (69 bytes) @ 0x01ad46ec [0x01ad4600+0xec]
J 1166 C1 java.awt.EventQueue.dispatchEventImpl(Ljava/awt/AWTEvent;Ljava/lang/Object;)V (149 bytes) @ 0x01aaf360 [0x01aaeef0+0x470]
J 1173 C1 java.awt.EventQueue$3.run()Ljava/lang/Void; (60 bytes) @ 0x01ab1368 [0x01ab1300+0x68]
J 1172 C1 java.awt.EventQueue$3.run()Ljava/lang/Object; (5 bytes) @ 0x01ab10e8 [0x01ab10c0+0x28]
v  ~StubRoutines::call_stub
J 1072  java.security.AccessController.doPrivileged(Ljava/security/PrivilegedAction;Ljava/security/AccessControlContext;)Ljava/lang/Object; (0 bytes) @ 0x01a86d87 [0x01a86d20+0x67]
J 1161 C1 java.awt.EventQueue.dispatchEvent(Ljava/awt/AWTEvent;)V (80 bytes) @ 0x01aad8d0 [0x01aad710+0x1c0]
J 836 C1 java.awt.EventDispatchThread.pumpOneEventForFilters(I)V (295 bytes) @ 0x01a2745c [0x01a26d50+0x70c]
j  java.awt.EventDispatchThread.pumpEventsForFilter(ILjava/awt/Conditional;Ljava/awt/EventFilter;)V+35
j  java.awt.EventDispatchThread.pumpEventsForHierarchy(ILjava/awt/Conditional;Ljava/awt/Component;)V+11
j  java.awt.EventDispatchThread.pumpEvents(ILjava/awt/Conditional;)V+4
j  java.awt.EventDispatchThread.pumpEvents(Ljava/awt/Conditional;)V+3
j  java.awt.EventDispatchThread.run()V+9
v  ~StubRoutines::call_stub

---------------  P R O C E S S  ---------------

Java Threads: ( => current thread )
  0x183e3000 JavaThread "SingleThreadedTaskService thread" [_thread_blocked, id=8188, stack(0x1c6c0000,0x1c710000)]
  0x183e2400 JavaThread "SingleThreadedTaskService thread" [_thread_blocked, id=2272, stack(0x1c610000,0x1c660000)]
  0x183e2800 JavaThread "Image Fetcher 1" daemon [_thread_blocked, id=2816, stack(0x1c3c0000,0x1c410000)]
  0x183c3c00 JavaThread "Swing-Shell" daemon [_thread_blocked, id=6160, stack(0x14810000,0x14860000)]
  0x175dac00 JavaThread "MapsView loader-SharedResourceRunner" daemon [_thread_blocked, id=6720, stack(0x17ca0000,0x17cf0000)]
  0x0062cc00 JavaThread "DestroyJavaVM" [_thread_blocked, id=1556, stack(0x00670000,0x006c0000)]
  0x17549400 JavaThread "D3D Screen Updater" daemon [_thread_blocked, id=5912, stack(0x17e70000,0x17ec0000)]
  0x17417000 JavaThread "TimerQueue" daemon [_thread_blocked, id=6052, stack(0x14ac0000,0x14b10000)]
  0x1728c000 JavaThread "Image Fetcher 0" daemon [_thread_blocked, id=5808, stack(0x14860000,0x148b0000)]
=>0x14019000 JavaThread "AWT-EventQueue-0" [_thread_in_native, id=7092, stack(0x14c10000,0x14c60000)]
  0x14005800 JavaThread "AWT-Windows" daemon [_thread_in_native, id=7744, stack(0x148b0000,0x14900000)]
  0x14004000 JavaThread "AWT-Shutdown" [_thread_blocked, id=4328, stack(0x14970000,0x149c0000)]
  0x14002c00 JavaThread "Java2D Disposer" daemon [_thread_blocked, id=4640, stack(0x146e0000,0x14730000)]
  0x13ee6800 JavaThread "Service Thread" daemon [_thread_blocked, id=4432, stack(0x144d0000,0x14520000)]
  0x13ec9c00 JavaThread "C1 CompilerThread0" daemon [_thread_blocked, id=1676, stack(0x14680000,0x146d0000)]
  0x13ec2c00 JavaThread "JDWP Command Reader" daemon [_thread_in_native, id=6168, stack(0x14580000,0x145d0000)]
  0x13ec1800 JavaThread "JDWP Event Helper Thread" daemon [_thread_blocked, id=7756, stack(0x14300000,0x14350000)]
  0x13eb6000 JavaThread "JDWP Transport Listener: dt_socket" daemon [_thread_blocked, id=6116, stack(0x14130000,0x14180000)]
  0x13ebd800 JavaThread "Attach Listener" daemon [_thread_blocked, id=4764, stack(0x03970000,0x039c0000)]
  0x13eba800 JavaThread "Signal Dispatcher" daemon [_thread_blocked, id=7648, stack(0x03910000,0x03960000)]
  0x13e76400 JavaThread "Finalizer" daemon [_thread_blocked, id=6444, stack(0x008f0000,0x00940000)]
  0x13e70400 JavaThread "Reference Handler" daemon [_thread_blocked, id=884, stack(0x14090000,0x140e0000)]

Other Threads:
  0x13e6b000 VMThread [stack: 0x038b0000,0x03900000] [id=7652]
  0x13ee8800 WatcherThread [stack: 0x14770000,0x147c0000] [id=6292]

VM state:not at safepoint (normal execution)

VM Mutex/Monitor currently owned by a thread: None

Heap:
 def new generation   total 8832K, used 2568K [0x03a00000, 0x04390000, 0x08f50000)
  eden space 7872K,  28% used [0x03a00000, 0x03c27b78, 0x041b0000)
  from space 960K,  37% used [0x041b0000, 0x0420a5c0, 0x042a0000)
  to   space 960K,   0% used [0x042a0000, 0x042a0000, 0x04390000)
 tenured generation   total 19460K, used 16703K [0x08f50000, 0x0a251000, 0x13a00000)
   the space 19460K,  85% used [0x08f50000, 0x09f9fc88, 0x09f9fe00, 0x0a251000)
 Metaspace       used 16118K, capacity 16279K, committed 16384K, reserved 16768K

Card table byte_map: [0x007d0000,0x00860000] byte_map_base: 0x007b3000

Polling page: 0x00360000

CodeCache: size=32768Kb used=2969Kb max_used=2969Kb free=29799Kb
 bounds [0x01840000, 0x01b28000, 0x03840000]
 total_blobs=1863 nmethods=1425 adapters=377
 compilation: enabled

Compilation events (10 events):
Event: 5.509 Thread 0x13ec9c00 1427             org.andork.breakout.awt.ParamGradientMapPaintContext::fillRaster (145 bytes)
Event: 5.509 Thread 0x13ec9c00 nmethod 1427 0x01b23bc8 code [0x01b23ce0, 0x01b23f1c]
Event: 5.509 Thread 0x13ec9c00 1428             sun.java2d.loops.OpaqueCopyAnyToArgb::Blit (234 bytes)
Event: 5.510 Thread 0x13ec9c00 nmethod 1428 0x01b24308 code [0x01b244a0, 0x01b249a8]
Event: 5.510 Thread 0x13ec9c00 1429             sun.java2d.loops.OpaqueCopyArgbToAny::Blit (232 bytes)
Event: 5.511 Thread 0x13ec9c00 nmethod 1429 0x01b25208 code [0x01b253a0, 0x01b25858]
Event: 5.529 Thread 0x13ec9c00 1430             java.util.Locale::getDefault (4 bytes)
Event: 5.529 Thread 0x13ec9c00 nmethod 1430 0x01b26088 code [0x01b26180, 0x01b26200]
Event: 5.531 Thread 0x13ec9c00 1431             jogamp.opengl.GLContextImpl::getGLProcAddressTable (5 bytes)
Event: 5.531 Thread 0x13ec9c00 nmethod 1431 0x01b26248 code [0x01b26340, 0x01b263c0]

GC Heap History (10 events):
Event: 4.122 GC heap before
{Heap before GC invocations=20 (full 1):
 def new generation   total 4992K, used 4992K [0x03a00000, 0x03f60000, 0x08f50000)
  eden space 4480K, 100% used [0x03a00000, 0x03e60000, 0x03e60000)
  from space 512K, 100% used [0x03e60000, 0x03ee0000, 0x03ee0000)
  to   space 512K,   0% used [0x03ee0000, 0x03ee0000, 0x03f60000)
 tenured generation   total 10944K, used 10831K [0x08f50000, 0x09a00000, 0x13a00000)
   the space 10944K,  98% used [0x08f50000, 0x099e3c00, 0x099e3c00, 0x09a00000)
 Metaspace       used 15856K, capacity 16008K, committed 16128K, reserved 16768K
Event: 4.169 GC heap after
Heap after GC invocations=21 (full 2):
 def new generation   total 8832K, used 0K [0x03a00000, 0x04390000, 0x08f50000)
  eden space 7872K,   0% used [0x03a00000, 0x03a00000, 0x041b0000)
  from space 960K,   0% used [0x041b0000, 0x041b0000, 0x042a0000)
  to   space 960K,   0% used [0x042a0000, 0x042a0000, 0x04390000)
 tenured generation   total 19460K, used 11674K [0x08f50000, 0x0a251000, 0x13a00000)
   the space 19460K,  59% used [0x08f50000, 0x09ab69b8, 0x09ab6a00, 0x0a251000)
 Metaspace       used 15856K, capacity 16008K, committed 16128K, reserved 16768K
}
Event: 4.632 GC heap before
{Heap before GC invocations=21 (full 2):
 def new generation   total 8832K, used 7872K [0x03a00000, 0x04390000, 0x08f50000)
  eden space 7872K, 100% used [0x03a00000, 0x041b0000, 0x041b0000)
  from space 960K,   0% used [0x041b0000, 0x041b0000, 0x042a0000)
  to   space 960K,   0% used [0x042a0000, 0x042a0000, 0x04390000)
 tenured generation   total 19460K, used 11674K [0x08f50000, 0x0a251000, 0x13a00000)
   the space 19460K,  59% used [0x08f50000, 0x09ab69b8, 0x09ab6a00, 0x0a251000)
 Metaspace       used 15881K, capacity 16008K, committed 16128K, reserved 16768K
Event: 4.639 GC heap after
Heap after GC invocations=22 (full 2):
 def new generation   total 8832K, used 960K [0x03a00000, 0x04390000, 0x08f50000)
  eden space 7872K,   0% used [0x03a00000, 0x03a00000, 0x041b0000)
  from space 960K, 100% used [0x042a0000, 0x04390000, 0x04390000)
  to   space 960K,   0% used [0x041b0000, 0x041b0000, 0x042a0000)
 tenured generation   total 19460K, used 11973K [0x08f50000, 0x0a251000, 0x13a00000)
   the space 19460K,  61% used [0x08f50000, 0x09b01788, 0x09b01800, 0x0a251000)
 Metaspace       used 15881K, capacity 16008K, committed 16128K, reserved 16768K
}
Event: 4.970 GC heap before
{Heap before GC invocations=22 (full 2):
 def new generation   total 8832K, used 8832K [0x03a00000, 0x04390000, 0x08f50000)
  eden space 7872K, 100% used [0x03a00000, 0x041b0000, 0x041b0000)
  from space 960K, 100% used [0x042a0000, 0x04390000, 0x04390000)
  to   space 960K,   0% used [0x041b0000, 0x041b0000, 0x042a0000)
 tenured generation   total 19460K, used 11973K [0x08f50000, 0x0a251000, 0x13a00000)
   the space 19460K,  61% used [0x08f50000, 0x09b01788, 0x09b01800, 0x0a251000)
 Metaspace       used 15889K, capacity 16040K, committed 16128K, reserved 16768K
Event: 4.979 GC heap after
Heap after GC invocations=23 (full 2):
 def new generation   total 8832K, used 960K [0x03a00000, 0x04390000, 0x08f50000)
  eden space 7872K,   0% used [0x03a00000, 0x03a00000, 0x041b0000)
  from space 960K, 100% used [0x041b0000, 0x042a0000, 0x042a0000)
  to   space 960K,   0% used [0x042a0000, 0x042a0000, 0x04390000)
 tenured generation   total 19460K, used 13549K [0x08f50000, 0x0a251000, 0x13a00000)
   the space 19460K,  69% used [0x08f50000, 0x09c8b430, 0x09c8b600, 0x0a251000)
 Metaspace       used 15889K, capacity 16040K, committed 16128K, reserved 16768K
}
Event: 5.288 GC heap before
{Heap before GC invocations=23 (full 2):
 def new generation   total 8832K, used 8832K [0x03a00000, 0x04390000, 0x08f50000)
  eden space 7872K, 100% used [0x03a00000, 0x041b0000, 0x041b0000)
  from space 960K, 100% used [0x041b0000, 0x042a0000, 0x042a0000)
  to   space 960K,   0% used [0x042a0000, 0x042a0000, 0x04390000)
 tenured generation   total 19460K, used 13549K [0x08f50000, 0x0a251000, 0x13a00000)
   the space 19460K,  69% used [0x08f50000, 0x09c8b430, 0x09c8b600, 0x0a251000)
 Metaspace       used 15951K, capacity 16109K, committed 16256K, reserved 16768K
Event: 5.300 GC heap after
Heap after GC invocations=24 (full 2):
 def new generation   total 8832K, used 960K [0x03a00000, 0x04390000, 0x08f50000)
  eden space 7872K,   0% used [0x03a00000, 0x03a00000, 0x041b0000)
  from space 960K, 100% used [0x042a0000, 0x04390000, 0x04390000)
  to   space 960K,   0% used [0x041b0000, 0x041b0000, 0x042a0000)
 tenured generation   total 19460K, used 15931K [0x08f50000, 0x0a251000, 0x13a00000)
   the space 19460K,  81% used [0x08f50000, 0x09ededb0, 0x09edee00, 0x0a251000)
 Metaspace       used 15951K, capacity 16109K, committed 16256K, reserved 16768K
}
Event: 5.439 GC heap before
{Heap before GC invocations=24 (full 2):
 def new generation   total 8832K, used 8832K [0x03a00000, 0x04390000, 0x08f50000)
  eden space 7872K, 100% used [0x03a00000, 0x041b0000, 0x041b0000)
  from space 960K, 100% used [0x042a0000, 0x04390000, 0x04390000)
  to   space 960K,   0% used [0x041b0000, 0x041b0000, 0x042a0000)
 tenured generation   total 19460K, used 15931K [0x08f50000, 0x0a251000, 0x13a00000)
   the space 19460K,  81% used [0x08f50000, 0x09ededb0, 0x09edee00, 0x0a251000)
 Metaspace       used 15994K, capacity 16173K, committed 16256K, reserved 16768K
Event: 5.445 GC heap after
Heap after GC invocations=25 (full 2):
 def new generation   total 8832K, used 361K [0x03a00000, 0x04390000, 0x08f50000)
  eden space 7872K,   0% used [0x03a00000, 0x03a00000, 0x041b0000)
  from space 960K,  37% used [0x041b0000, 0x0420a5c0, 0x042a0000)
  to   space 960K,   0% used [0x042a0000, 0x042a0000, 0x04390000)
 tenured generation   total 19460K, used 16703K [0x08f50000, 0x0a251000, 0x13a00000)
   the space 19460K,  85% used [0x08f50000, 0x09f9fc88, 0x09f9fe00, 0x0a251000)
 Metaspace       used 15994K, capacity 16173K, committed 16256K, reserved 16768K
}

Deoptimization events (0 events):
No events

Internal exceptions (10 events):
Event: 5.483 Thread 0x14019000 Exception <a 'java/security/PrivilegedActionException'> (0x03b97e80) thrown at [D:\re\workspace\8-2-build-windows-i586-cygwin\jdk8u5\2488\hotspot\src\share\vm\prims\jvm.cpp, line 1248]
Event: 5.485 Thread 0x14019000 Exception <a 'java/security/PrivilegedActionException'> (0x03ba04b8) thrown at [D:\re\workspace\8-2-build-windows-i586-cygwin\jdk8u5\2488\hotspot\src\share\vm\prims\jvm.cpp, line 1248]
Event: 5.486 Thread 0x14019000 Exception <a 'java/security/PrivilegedActionException'> (0x03ba6b08) thrown at [D:\re\workspace\8-2-build-windows-i586-cygwin\jdk8u5\2488\hotspot\src\share\vm\prims\jvm.cpp, line 1248]
Event: 5.494 Thread 0x14019000 Exception <a 'java/security/PrivilegedActionException'> (0x03baffa8) thrown at [D:\re\workspace\8-2-build-windows-i586-cygwin\jdk8u5\2488\hotspot\src\share\vm\prims\jvm.cpp, line 1248]
Event: 5.495 Thread 0x14019000 Exception <a 'java/security/PrivilegedActionException'> (0x03bb37a0) thrown at [D:\re\workspace\8-2-build-windows-i586-cygwin\jdk8u5\2488\hotspot\src\share\vm\prims\jvm.cpp, line 1248]
Event: 5.496 Thread 0x14019000 Exception <a 'java/security/PrivilegedActionException'> (0x03bb7348) thrown at [D:\re\workspace\8-2-build-windows-i586-cygwin\jdk8u5\2488\hotspot\src\share\vm\prims\jvm.cpp, line 1248]
Event: 5.497 Thread 0x14019000 Exception <a 'java/security/PrivilegedActionException'> (0x03bb9698) thrown at [D:\re\workspace\8-2-build-windows-i586-cygwin\jdk8u5\2488\hotspot\src\share\vm\prims\jvm.cpp, line 1248]
Event: 5.498 Thread 0x14019000 Exception <a 'java/security/PrivilegedActionException'> (0x03bbbff0) thrown at [D:\re\workspace\8-2-build-windows-i586-cygwin\jdk8u5\2488\hotspot\src\share\vm\prims\jvm.cpp, line 1248]
Event: 5.499 Thread 0x14019000 Exception <a 'java/security/PrivilegedActionException'> (0x03bbe838) thrown at [D:\re\workspace\8-2-build-windows-i586-cygwin\jdk8u5\2488\hotspot\src\share\vm\prims\jvm.cpp, line 1248]
Event: 5.522 Thread 0x14019000 Exception <a 'java/security/PrivilegedActionException'> (0x03bd53e8) thrown at [D:\re\workspace\8-2-build-windows-i586-cygwin\jdk8u5\2488\hotspot\src\share\vm\prims\jvm.cpp, line 1248]

Events (10 events):
Event: 5.522 Thread 0x14019000 DEOPT PACKING pc=0x019e78d4 sp=0x14c5dac0
Event: 5.522 Thread 0x14019000 DEOPT UNPACKING pc=0x0187c34c sp=0x14c5d980 mode 1
Event: 5.522 Thread 0x14019000 DEOPT PACKING pc=0x019e75a8 sp=0x14c5db20
Event: 5.522 Thread 0x14019000 DEOPT UNPACKING pc=0x0187c34c sp=0x14c5d9b0 mode 1
Event: 5.522 Thread 0x14019000 DEOPT PACKING pc=0x019e6fe4 sp=0x14c5df60
Event: 5.522 Thread 0x14019000 DEOPT UNPACKING pc=0x0187c34c sp=0x14c5de04 mode 1
Event: 5.522 Thread 0x14019000 DEOPT PACKING pc=0x019ab16c sp=0x14c5dfa0
Event: 5.522 Thread 0x14019000 DEOPT UNPACKING pc=0x0187c34c sp=0x14c5dec0 mode 1
Event: 5.522 Thread 0x14019000 DEOPT PACKING pc=0x019ab0d8 sp=0x14c5e080
Event: 5.522 Thread 0x14019000 DEOPT UNPACKING pc=0x0187c34c sp=0x14c5dfac mode 1


Dynamic libraries:
0x00940000 - 0x00970000 	C:\Program Files\Java\jdk1.8.0_05\bin\javaw.exe
0x77600000 - 0x7773c000 	C:\Windows\SYSTEM32\ntdll.dll
0x76620000 - 0x766f4000 	C:\Windows\system32\kernel32.dll
0x756d0000 - 0x7571b000 	C:\Windows\system32\KERNELBASE.dll
0x77370000 - 0x77410000 	C:\Windows\system32\ADVAPI32.dll
0x764b0000 - 0x7655c000 	C:\Windows\system32\msvcrt.dll
0x76700000 - 0x76719000 	C:\Windows\SYSTEM32\sechost.dll
0x75b20000 - 0x75bc2000 	C:\Windows\system32\RPCRT4.dll
0x77460000 - 0x77529000 	C:\Windows\system32\USER32.dll
0x75f00000 - 0x75f4e000 	C:\Windows\system32\GDI32.dll
0x77740000 - 0x7774a000 	C:\Windows\system32\LPK.dll
0x75de0000 - 0x75e7d000 	C:\Windows\system32\USP10.dll
0x744d0000 - 0x7466e000 	C:\Windows\WinSxS\x86_microsoft.windows.common-controls_6595b64144ccf1df_6.0.7601.17514_none_41e6975e2bd6f2b2\COMCTL32.dll
0x77770000 - 0x777c7000 	C:\Windows\system32\SHLWAPI.dll
0x77750000 - 0x7776f000 	C:\Windows\system32\IMM32.DLL
0x77530000 - 0x775fc000 	C:\Windows\system32\MSCTF.dll
0x61860000 - 0x6191f000 	C:\Program Files\Java\jdk1.8.0_05\jre\bin\msvcr100.dll
0x54140000 - 0x544d6000 	C:\Program Files\Java\jdk1.8.0_05\jre\bin\client\jvm.dll
0x6e930000 - 0x6e937000 	C:\Windows\system32\WSOCK32.dll
0x75da0000 - 0x75dd5000 	C:\Windows\system32\WS2_32.dll
0x762e0000 - 0x762e6000 	C:\Windows\system32\NSI.dll
0x73e50000 - 0x73e82000 	C:\Windows\system32\WINMM.dll
0x762d0000 - 0x762d5000 	C:\Windows\system32\PSAPI.DLL
0x6a2f0000 - 0x6a2fc000 	C:\Program Files\Java\jdk1.8.0_05\jre\bin\verify.dll
0x65620000 - 0x65641000 	C:\Program Files\Java\jdk1.8.0_05\jre\bin\java.dll
0x65260000 - 0x65289000 	C:\Program Files\Java\jdk1.8.0_05\jre\bin\jdwp.dll
0x6a2e0000 - 0x6a2e7000 	C:\Program Files\Java\jdk1.8.0_05\jre\bin\npt.dll
0x699c0000 - 0x699d3000 	C:\Program Files\Java\jdk1.8.0_05\jre\bin\zip.dll
0x76720000 - 0x7736a000 	C:\Windows\system32\SHELL32.dll
0x76170000 - 0x762cc000 	C:\Windows\system32\ole32.dll
0x75660000 - 0x7566b000 	C:\Windows\system32\profapi.dll
0x69ee0000 - 0x69ee8000 	C:\Program Files\Java\jdk1.8.0_05\jre\bin\dt_socket.dll
0x73b50000 - 0x73b60000 	C:\Windows\system32\NLAapi.dll
0x67850000 - 0x67860000 	C:\Windows\system32\napinsp.dll
0x67820000 - 0x67832000 	C:\Windows\system32\pnrpnsp.dll
0x74fe0000 - 0x7501c000 	C:\Windows\System32\mswsock.dll
0x74ea0000 - 0x74ee4000 	C:\Windows\system32\DNSAPI.dll
0x67810000 - 0x67818000 	C:\Windows\System32\winrnr.dll
0x6c310000 - 0x6c331000 	C:\Program Files\Bonjour\mdnsNSP.dll
0x73950000 - 0x7396c000 	C:\Windows\system32\Iphlpapi.DLL
0x73940000 - 0x73947000 	C:\Windows\system32\WINNSI.DLL
0x677f0000 - 0x677fd000 	C:\Windows\system32\wshbth.dll
0x73810000 - 0x73848000 	C:\Windows\System32\fwpuclnt.dll
0x6c2c0000 - 0x6c2c6000 	C:\Windows\system32\rasadhlp.dll
0x74b90000 - 0x74b95000 	C:\Windows\System32\wshtcpip.dll
0x55820000 - 0x55965000 	C:\Program Files\Java\jdk1.8.0_05\jre\bin\awt.dll
0x76590000 - 0x7661f000 	C:\Windows\system32\OLEAUT32.dll
0x74870000 - 0x748b0000 	C:\Windows\system32\uxtheme.dll
0x73d90000 - 0x73da3000 	C:\Windows\system32\dwmapi.dll
0x75580000 - 0x7558c000 	C:\Windows\system32\CRYPTBASE.dll
0x56ef0000 - 0x570b3000 	C:\Windows\system32\d3d9.dll
0x74b00000 - 0x74b09000 	C:\Windows\system32\VERSION.dll
0x69ed0000 - 0x69ed6000 	C:\Windows\system32\d3d8thk.dll
0x15320000 - 0x15f79000 	C:\Windows\system32\nvd3dum.dll
0x74840000 - 0x74865000 	C:\Windows\system32\powrprof.dll
0x75980000 - 0x75b1d000 	C:\Windows\system32\SETUPAPI.dll
0x757d0000 - 0x757f7000 	C:\Windows\system32\CFGMGR32.dll
0x75680000 - 0x75692000 	C:\Windows\system32\DEVOBJ.dll
0x62120000 - 0x62159000 	C:\Program Files\Java\jdk1.8.0_05\jre\bin\fontmanager.dll
0x68550000 - 0x68564000 	C:\Program Files\Java\jdk1.8.0_05\jre\bin\net.dll
0x74fd0000 - 0x74fd6000 	C:\Windows\System32\wship6.dll
0x69d80000 - 0x69d8f000 	C:\Program Files\Java\jdk1.8.0_05\jre\bin\nio.dll
0x75020000 - 0x75036000 	C:\Windows\system32\CRYPTSP.dll
0x74df0000 - 0x74e2b000 	C:\Windows\system32\rsaenh.dll
0x756a0000 - 0x756b7000 	C:\Windows\system32\USERENV.dll
0x73740000 - 0x73752000 	C:\Windows\system32\dhcpcsvc.DLL
0x73730000 - 0x7373d000 	C:\Windows\system32\dhcpcsvc6.DLL
0x637c0000 - 0x637cb000 	C:\Users\Andy\AppData\Local\Temp\jogamp_0000\file_cache\jln5115907419063247009\jln6451971544638056862\gluegen-rt.dll
0x62340000 - 0x62370000 	C:\Program Files\Java\jdk1.8.0_05\jre\bin\t2k.dll
0x69cc0000 - 0x69cc6000 	C:\Program Files\Java\jdk1.8.0_05\jre\bin\jawt.dll
0x6a440000 - 0x6a44b000 	C:\Users\Andy\AppData\Local\Temp\jogamp_0000\file_cache\jln5115907419063247009\jln6451971544638056862\nativewindow_awt.dll
0x75d10000 - 0x75d93000 	C:\Windows\system32\CLBCatQ.DLL
0x6c100000 - 0x6c10c000 	C:\Users\Andy\AppData\Local\Temp\jogamp_0000\file_cache\jln5115907419063247009\jln6451971544638056862\nativewindow_win32.dll
0x5bf90000 - 0x5c058000 	C:\Windows\system32\OpenGL32.dll
0x62430000 - 0x62452000 	C:\Windows\system32\GLU32.dll
0x5bd10000 - 0x5bdf7000 	C:\Windows\system32\DDRAW.dll
0x69900000 - 0x69906000 	C:\Windows\system32\DCIMAN32.dll
0x64500000 - 0x64592000 	C:\Users\Andy\AppData\Local\Temp\jogamp_0000\file_cache\jln5115907419063247009\jln6451971544638056862\jogl_desktop.dll
0x18db0000 - 0x1a2eb000 	C:\Windows\system32\nvoglv32.DLL
0x75800000 - 0x7582e000 	C:\Windows\system32\WINTRUST.dll
0x75850000 - 0x75970000 	C:\Windows\system32\CRYPT32.dll
0x75670000 - 0x7567c000 	C:\Windows\system32\MSASN1.dll
0x74320000 - 0x74341000 	C:\Windows\system32\ntmarta.dll
0x77410000 - 0x77455000 	C:\Windows\system32\WLDAP32.dll
0x71c00000 - 0x71c84000 	C:\Windows\WinSxS\x86_microsoft.windows.common-controls_6595b64144ccf1df_5.82.7601.18201_none_ec80f00e8593ece5\comctl32.dll
0x743d0000 - 0x744c5000 	C:\Windows\system32\propsys.dll
0x75530000 - 0x7557c000 	C:\Windows\system32\apphelp.dll
0x67e70000 - 0x68008000 	C:\Windows\system32\NetworkExplorer.dll
0x68bb0000 - 0x68bdf000 	C:\Windows\System32\shdocvw.dll
0x73ae0000 - 0x73aea000 	C:\Windows\system32\slc.dll
0x73550000 - 0x73680000 	C:\Windows\system32\WindowsCodecs.dll
0x69690000 - 0x696a2000 	C:\Program Files\Common Files\TortoiseOverlays\TortoiseOverlays.dll
0x69670000 - 0x69684000 	C:\Program Files\TortoiseSVN\bin\TortoiseStub32.dll
0x69600000 - 0x69670000 	C:\Program Files\TortoiseSVN\bin\TortoiseSVN32.dll
0x762f0000 - 0x764ad000 	C:\Windows\system32\WININET.dll
0x75970000 - 0x75974000 	C:\Windows\system32\api-ms-win-downlevel-user32-l1-1-0.dll
0x75830000 - 0x75834000 	C:\Windows\system32\api-ms-win-downlevel-shlwapi-l1-1-0.dll
0x75720000 - 0x75724000 	C:\Windows\system32\api-ms-win-downlevel-version-l1-1-0.dll
0x75730000 - 0x75733000 	C:\Windows\system32\api-ms-win-downlevel-normaliz-l1-1-0.dll
0x75d00000 - 0x75d03000 	C:\Windows\system32\normaliz.DLL
0x75f50000 - 0x76169000 	C:\Windows\system32\iertutil.dll
0x756c0000 - 0x756c5000 	C:\Windows\system32\api-ms-win-downlevel-advapi32-l1-1-0.dll
0x69290000 - 0x695f5000 	C:\Program Files\TortoiseSVN\bin\libsvn_tsvn32.dll
0x69260000 - 0x69287000 	C:\Program Files\TortoiseSVN\bin\libapr_tsvn32.dll
0x69180000 - 0x69256000 	C:\Windows\system32\MSVCR110.dll
0x69140000 - 0x69178000 	C:\Program Files\TortoiseSVN\bin\libaprutil_tsvn32.dll
0x69130000 - 0x6913d000 	C:\Program Files\TortoiseSVN\bin\intl3_tsvn32.dll
0x69110000 - 0x69123000 	C:\Program Files\TortoiseSVN\bin\libsasl32.dll
0x753d0000 - 0x753d8000 	C:\Windows\system32\Secur32.dll
0x75510000 - 0x7552b000 	C:\Windows\system32\SSPICLI.DLL
0x69080000 - 0x69105000 	C:\Windows\system32\MSVCP110.dll
0x68ed0000 - 0x6907b000 	C:\Program Files\TortoiseSVN\bin\crshhndl.dll
0x68ea0000 - 0x68ec2000 	C:\Users\Andy\AppData\Roaming\Dropbox\bin\DropboxExt.22.dll
0x68db0000 - 0x68e9b000 	C:\Windows\system32\dbghelp.dll
0x61c00000 - 0x61c8e000 	C:\Windows\WinSxS\x86_microsoft.vc90.crt_1fc8b3b9a1e18e3b_9.0.30729.4940_none_50916076bcb9a742\MSVCP90.dll
0x617b0000 - 0x61853000 	C:\Windows\WinSxS\x86_microsoft.vc90.crt_1fc8b3b9a1e18e3b_9.0.30729.4940_none_50916076bcb9a742\MSVCR90.dll
0x68ce0000 - 0x68d11000 	C:\Windows\system32\EhStorShell.dll
0x661c0000 - 0x663dd000 	C:\PROGRA~1\MICROS~2\Office12\GR469A~1.DLL
0x1b3d0000 - 0x1b4c1000 	C:\PROGRA~1\MICROS~2\Office12\GrooveUtil.DLL
0x6d690000 - 0x6d72b000 	C:\Windows\WinSxS\x86_microsoft.vc80.crt_1fc8b3b9a1e18e3b_8.0.50727.6195_none_d09154e044272b9a\MSVCR80.dll
0x146d0000 - 0x146d7000 	C:\PROGRA~1\MICROS~2\Office12\GrooveNew.DLL
0x68cc0000 - 0x68cdb000 	C:\Windows\WinSxS\x86_microsoft.vc80.atl_1fc8b3b9a1e18e3b_8.0.50727.6195_none_d1cb102c435421de\ATL80.DLL
0x72730000 - 0x72735000 	C:\Windows\system32\MSImg32.dll
0x6de10000 - 0x6de22000 	C:\Windows\system32\MPR.dll
0x5f940000 - 0x5f948000 	C:\Windows\System32\drprov.dll
0x74d20000 - 0x74d49000 	C:\Windows\System32\WINSTA.dll
0x5f310000 - 0x5f324000 	C:\Windows\System32\ntlanman.dll
0x5f280000 - 0x5f297000 	C:\Windows\System32\davclnt.dll

VM Arguments:
jvm_args: -agentlib:jdwp=transport=dt_socket,suspend=y,address=localhost:59699 -Xmx256M -Djogl.debug.DebugGL -Djava.library.path=C:\jogamp-all-platforms\lib\windows-i586;C:\jogamp-all-platforms\lib\windows-i586;C:\jogamp-all-platforms\lib\windows-i586;C:\jogamp-all-platforms\lib\windows-i586;C:\jogamp-all-platforms\lib\windows-i586 -Dfile.encoding=Cp1252 
java_command: org.andork.breakout.BreakoutMainLauncher
java_class_path (initial): C:\Users\Andy\workspace\git\Andork\Breakout\bin;C:\Program Files\Java\swingx-1.6.4\swingx-all-1.6.4.jar;C:\Program Files\Java\snakeyaml-1.11\snakeyaml-1.11.jar;C:\jogamp-all-platforms\jar\atomic\jogl-util-graph.jar;C:\Program Files\Java\jchronic\jchronic.jar;C:\Users\Andy\workspace\git\Andork\andork-jogl-gl2es2-utils\bin;C:\Program Files\Java\Java3D\1.5.1\lib\ext\vecmath.jar;C:\Users\Andy\workspace\git\Andork\andork-core\bin;C:\Users\Andy\workspace\git\Andork\andork-math\bin;C:\eclipse\plugins\org.junit_4.11.0.v201303080030\junit.jar;C:\eclipse\plugins\org.hamcrest.core_1.3.0.v201303031735.jar;C:\jogamp-all-platforms\jar\gluegen-rt.jar;C:\jogamp-all-platforms\jar\jogl-all.jar;C:\Users\Andy\workspace\git\Andork\andork-math3d\bin;C:\Users\Andy\workspace\git\Andork\andork-plot\bin;C:\Users\Andy\workspace\git\Andork\andork-ui\bin;C:\jogamp-all-platforms\jar\atomic\jogl-core.jar;C:\jogamp-all-platforms\jar\atomic\jogl-awt.jar;C:\jogamp-all-platforms\jar\atomic\jogl-gldesktop.jar;C:\jogamp-all-platforms\jar\atomic\jogl-gldesktop-dbg.jar;C:\jogamp-all-platforms\jar\atomic\jogl-os-win.jar;C:\jogamp-all-platforms\jar\atomic\nativewindow-awt.jar;C:\jogamp-all-platforms\jar\atomic\nativewindow-core.jar;C:\jogamp-all-platforms\jar\atomic\nativewindow-os-win.jar;C:\Program Files\Java\commons-io-2.4\commons-io-2.4.jar;C:\Users\Andy\workspace\git\Andork\andork-spatial\bin;C:\Users\Andy\workspace\git\Andork\andork-jogl-gl2es2-swing\bin;C:\Users\Andy\workspace\git\Andork\andork-ui-debug\bin;C:\jogamp-all-platforms\jar\atomic\jogl-util-gldesktop.jar
Launcher Type: SUN_STANDARD

Environment Variables:
JAVA_HOME=C:\Program Files\Java\jdk1.7.0_15
PATH=C:\Program Files\Java\jdk1.8.0_05\jre\bin;C:/Program Files/Java/jre8/bin/client;C:/Program Files/Java/jre8/bin;C:/Program Files/Java/jre8/lib/i386;C:\Python33\;C:\Windows\system32;C:\Windows;C:\Windows\System32\Wbem;C:\Windows\System32\WindowsPowerShell\v1.0\;C:\Program Files\bin;C:\Program Files\QuickTime\QTSystem\;C:\Program Files\TortoiseSVN\bin;C:\eclipse;
USERNAME=Andy
OS=Windows_NT
PROCESSOR_IDENTIFIER=x86 Family 6 Model 23 Stepping 6, GenuineIntel



---------------  S Y S T E M  ---------------

OS: Windows 7 Build 7601 Service Pack 1

CPU:total 2 (2 cores per cpu, 1 threads per core) family 6 model 23 stepping 6, cmov, cx8, fxsr, mmx, sse, sse2, sse3, ssse3, sse4.1, tsc

Memory: 4k page, physical 3667936k(1637024k free), swap 7334120k(4142768k free)

vm_info: Java HotSpot(TM) Client VM (25.5-b02) for windows-x86 JRE (1.8.0_05-b13), built on Mar 18 2014 01:14:47 by "java_re" with MS VC++ 10.0 (VS2010)

time: Mon Jul 14 00:50:16 2014
elapsed time: 5 seconds

