May 31, 2017 6:11:18 System.err
WARNING: java.io.FileNotFoundException: update.properties (No such file or directory)
May 31, 2017 6:11:18 System.err
WARNING: 	at java.io.FileInputStream.open0(Native Method)
May 31, 2017 6:11:18 System.err
WARNING: 	at java.io.FileInputStream.open(FileInputStream.java:195)
May 31, 2017 6:11:18 System.err
WARNING: 	at java.io.FileInputStream.<init>(FileInputStream.java:138)
May 31, 2017 6:11:18 System.err
WARNING: 	at java.io.FileInputStream.<init>(FileInputStream.java:93)
May 31, 2017 6:11:18 System.err
WARNING: 	at org.breakout.BreakoutMainView.<init>(BreakoutMainView.java:2051)
May 31, 2017 6:11:18 System.err
WARNING: 	at org.breakout.Breakout.lambda$main$2(Breakout.java:101)
May 31, 2017 6:11:18 System.err
WARNING: 	at java.util.concurrent.FutureTask.run(FutureTask.java:266)
May 31, 2017 6:11:18 System.err
WARNING: 	at java.util.concurrent.ThreadPoolExecutor.runWorker(ThreadPoolExecutor.java:1142)
May 31, 2017 6:11:18 System.err
WARNING: 	at java.util.concurrent.ThreadPoolExecutor$Worker.run(ThreadPoolExecutor.java:617)
May 31, 2017 6:11:18 System.err
WARNING: 	at java.lang.Thread.run(Thread.java:745)
