#
# A fatal error has been detected by the Java Runtime Environment:
#
#  EXCEPTION_ACCESS_VIOLATION (0xc0000005) at pc=0x647d28ed, pid=4408, tid=5584
#
# JRE version: 7.0_15-b03
# Java VM: Java HotSpot(TM) Client VM (23.7-b01 mixed mode, sharing windows-x86 )
# Problematic frame:
# C  [msvcr100.dll+0x128ed]  wcslen+0x8
#
# Failed to write core dump. Minidumps are not enabled by default on client versions of Windows
#
# If you would like to submit a bug report, please visit:
#   http://bugreport.sun.com/bugreport/crash.jsp
# The crash happened outside the Java Virtual Machine in native code.
# See problematic frame for where to report the bug.
#

---------------  T H R E A D  ---------------

Current thread (0x03ef0c00):  JavaThread "AWT-EventQueue-0" [_thread_in_native, id=5584, stack(0x04aa0000,0x04af0000)]

siginfo: ExceptionCode=0xc0000005, reading address 0x09b51000

Registers:
EAX=0x09b51000, EBX=0x383f5c90, ECX=0x04ae000b, EDX=0x772370f4
ESP=0x04aee908, EBP=0x04aee908, ESI=0x09b502d0, EDI=0x03ef0c00
EIP=0x647d28ed, EFLAGS=0x00010202

Top of Stack: (sp=0x04aee908)
0x04aee908:   04aee938 5e8b4f94 09b502d0 4f3b7b6f
0x04aee918:   03ef0c00 378a96b0 383f5c90 77a241ef
0x04aee928:   04aee914 04aef154 5e8f28df 00000000
0x04aee938:   04aee974 01b2a717 03ef0d28 04aee97c
0x04aee948:   00000081 00000000 03ef0d28 04aee954
0x04aee958:   00000000 04aee988 383f4f80 00000000
0x04aee968:   383f5c90 00000000 04aee984 04aee9ac
0x04aee978:   01b2345a 38612c30 01b289a6 00000081 

Instructions: (pc=0x647d28ed)
0x647d28cd:   38 87 64 00 0f 84 e3 19 00 00 6a 00 ff 75 08 e8
0x647d28dd:   1a 6a 00 00 59 59 5d c3 8b ff 55 8b ec 8b 45 08
0x647d28ed:   66 8b 08 83 c0 02 66 85 c9 75 f5 2b 45 08 d1 f8
0x647d28fd:   48 5d c3 8b ff 55 8b ec 83 7d 10 00 0f 84 39 31 


Register to memory mapping:

EAX=0x09b51000 is an unknown value
EBX=0x383f5c90 is an oop
{method} 
 - klass: {other class}
ECX=0x04ae000b is pointing into the stack for thread: 0x03ef0c00
EDX=0x772370f4 is an unknown value
ESP=0x04aee908 is pointing into the stack for thread: 0x03ef0c00
EBP=0x04aee908 is pointing into the stack for thread: 0x03ef0c00
ESI=0x09b502d0 is an unknown value
EDI=0x03ef0c00 is a thread


Stack: [0x04aa0000,0x04af0000],  sp=0x04aee908,  free space=314k
Native frames: (J=compiled Java code, j=interpreted, Vv=VM code, C=native code)
C  [msvcr100.dll+0x128ed]  wcslen+0x8
C  [awt.dll+0x74f94]  Java_sun_awt_windows_WDataTransferer_getClipboardFormatName+0x3d
j  sun.awt.windows.WDataTransferer.getClipboardFormatName(J)Ljava/lang/String;+0
j  sun.awt.windows.WDataTransferer.getNativeForFormat(J)Ljava/lang/String;+20
J  sun.awt.datatransfer.DataTransferer.getFlavorsForFormatsAsSet([JLjava/awt/datatransfer/FlavorTable;)Ljava/util/Set;
j  sun.awt.dnd.SunDropTargetContextPeer.getTransferDataFlavors()[Ljava/awt/datatransfer/DataFlavor;+33
j  java.awt.dnd.DropTargetContext.getCurrentDataFlavors()[Ljava/awt/datatransfer/DataFlavor;+10
j  java.awt.dnd.DropTargetContext.getCurrentDataFlavorsAsList()Ljava/util/List;+1
j  java.awt.dnd.DropTargetContext.isDataFlavorSupported(Ljava/awt/datatransfer/DataFlavor;)Z+1
j  java.awt.dnd.DropTargetDragEvent.isDataFlavorSupported(Ljava/awt/datatransfer/DataFlavor;)Z+5
j  javax.swing.TransferHandler$TransferSupport.isDataFlavorSupported(Ljava/awt/datatransfer/DataFlavor;)Z+25
j  org.andork.survey.SurveyTable$1.canImport(Ljavax/swing/TransferHandler$TransferSupport;)Z+4
j  javax.swing.TransferHandler$DropHandler.handleDrag(Ljava/awt/dnd/DropTargetDragEvent;)V+45
j  javax.swing.TransferHandler$DropHandler.dragEnter(Ljava/awt/dnd/DropTargetDragEvent;)V+18
j  java.awt.dnd.DropTarget.dragEnter(Ljava/awt/dnd/DropTargetDragEvent;)V+20
j  javax.swing.TransferHandler$SwingDropTarget.dragEnter(Ljava/awt/dnd/DropTargetDragEvent;)V+2
j  sun.awt.dnd.SunDropTargetContextPeer.processEnterMessage(Lsun/awt/dnd/SunDropTargetEvent;)V+117
j  sun.awt.dnd.SunDropTargetContextPeer$EventDispatcher.dispatchEnterEvent(Lsun/awt/dnd/SunDropTargetEvent;)V+88
j  sun.awt.dnd.SunDropTargetContextPeer$EventDispatcher.dispatchEvent(Lsun/awt/dnd/SunDropTargetEvent;)V+42
j  sun.awt.dnd.SunDropTargetEvent.dispatch()V+5
j  java.awt.Component.dispatchEventImpl(Ljava/awt/AWTEvent;)V+112
j  java.awt.Container.dispatchEventImpl(Ljava/awt/AWTEvent;)V+42
j  java.awt.Component.dispatchEvent(Ljava/awt/AWTEvent;)V+2
j  java.awt.LightweightDispatcher.retargetMouseEvent(Ljava/awt/Component;ILjava/awt/event/MouseEvent;)V+327
j  java.awt.LightweightDispatcher.trackMouseEnterExit(Ljava/awt/Component;Ljava/awt/event/MouseEvent;)V+158
j  java.awt.LightweightDispatcher.processDropTargetEvent(Lsun/awt/dnd/SunDropTargetEvent;)Z+111
j  java.awt.LightweightDispatcher.dispatchEvent(Ljava/awt/AWTEvent;)Z+16
j  java.awt.Container.dispatchEventImpl(Ljava/awt/AWTEvent;)V+12
j  java.awt.Window.dispatchEventImpl(Ljava/awt/AWTEvent;)V+19
j  java.awt.Component.dispatchEvent(Ljava/awt/AWTEvent;)V+2
j  java.awt.EventQueue.dispatchEventImpl(Ljava/awt/AWTEvent;Ljava/lang/Object;)V+41
j  java.awt.EventQueue.access$200(Ljava/awt/EventQueue;Ljava/awt/AWTEvent;Ljava/lang/Object;)V+3
j  java.awt.EventQueue$3.run()Ljava/lang/Void;+12
j  java.awt.EventQueue$3.run()Ljava/lang/Object;+1
v  ~StubRoutines::call_stub
V  [jvm.dll+0x12a34a]
V  [jvm.dll+0x1d968e]
V  [jvm.dll+0x12a3cd]
V  [jvm.dll+0xd9d0a]
C  [java.dll+0x102f]  Java_java_security_AccessController_doPrivileged__Ljava_security_PrivilegedAction_2Ljava_security_AccessControlContext_2+0x17
j  java.security.ProtectionDomain$1.doIntersectionPrivilege(Ljava/security/PrivilegedAction;Ljava/security/AccessControlContext;Ljava/security/AccessControlContext;)Ljava/lang/Object;+28
j  java.security.ProtectionDomain$1.doIntersectionPrivilege(Ljava/security/PrivilegedAction;Ljava/security/AccessControlContext;)Ljava/lang/Object;+6
j  java.awt.EventQueue$4.run()Ljava/lang/Void;+11
j  java.awt.EventQueue$4.run()Ljava/lang/Object;+1
v  ~StubRoutines::call_stub
V  [jvm.dll+0x12a34a]
V  [jvm.dll+0x1d968e]
V  [jvm.dll+0x12a3cd]
V  [jvm.dll+0xd9d0a]
C  [java.dll+0x102f]  Java_java_security_AccessController_doPrivileged__Ljava_security_PrivilegedAction_2Ljava_security_AccessControlContext_2+0x17
j  java.security.ProtectionDomain$1.doIntersectionPrivilege(Ljava/security/PrivilegedAction;Ljava/security/AccessControlContext;Ljava/security/AccessControlContext;)Ljava/lang/Object;+28
j  java.awt.EventQueue.dispatchEvent(Ljava/awt/AWTEvent;)V+73
j  java.awt.EventDispatchThread.pumpOneEventForFilters(I)V+245
j  java.awt.EventDispatchThread.pumpEventsForFilter(ILjava/awt/Conditional;Ljava/awt/EventFilter;)V+35
j  java.awt.EventDispatchThread.pumpEventsForHierarchy(ILjava/awt/Conditional;Ljava/awt/Component;)V+11
j  java.awt.EventDispatchThread.pumpEvents(ILjava/awt/Conditional;)V+4
j  java.awt.EventDispatchThread.pumpEvents(Ljava/awt/Conditional;)V+3
j  java.awt.EventDispatchThread.run()V+9
v  ~StubRoutines::call_stub
V  [jvm.dll+0x12a34a]
V  [jvm.dll+0x1d968e]
V  [jvm.dll+0x12a533]
V  [jvm.dll+0x12a597]
V  [jvm.dll+0xd306f]
V  [jvm.dll+0x14a647]
V  [jvm.dll+0x14a7b0]
V  [jvm.dll+0x17ee89]
C  [msvcr100.dll+0x5c6de]  endthreadex+0x3a
C  [msvcr100.dll+0x5c788]  endthreadex+0xe4
C  [kernel32.dll+0x4ed5c]  BaseThreadInitThunk+0x12
C  [ntdll.dll+0x637eb]  RtlInitializeExceptionChain+0xef
C  [ntdll.dll+0x637be]  RtlInitializeExceptionChain+0xc2

Java frames: (J=compiled Java code, j=interpreted, Vv=VM code)
j  sun.awt.windows.WDataTransferer.getClipboardFormatName(J)Ljava/lang/String;+0
j  sun.awt.windows.WDataTransferer.getNativeForFormat(J)Ljava/lang/String;+20
J  sun.awt.datatransfer.DataTransferer.getFlavorsForFormatsAsSet([JLjava/awt/datatransfer/FlavorTable;)Ljava/util/Set;
j  sun.awt.datatransfer.DataTransferer.getFlavorsForFormatsAsArray([JLjava/awt/datatransfer/FlavorTable;)[Ljava/awt/datatransfer/DataFlavor;+3
j  sun.awt.dnd.SunDropTargetContextPeer.getTransferDataFlavors()[Ljava/awt/datatransfer/DataFlavor;+33
j  java.awt.dnd.DropTargetContext.getCurrentDataFlavors()[Ljava/awt/datatransfer/DataFlavor;+10
j  java.awt.dnd.DropTargetContext.getCurrentDataFlavorsAsList()Ljava/util/List;+1
j  java.awt.dnd.DropTargetContext.isDataFlavorSupported(Ljava/awt/datatransfer/DataFlavor;)Z+1
j  java.awt.dnd.DropTargetDragEvent.isDataFlavorSupported(Ljava/awt/datatransfer/DataFlavor;)Z+5
j  javax.swing.TransferHandler$TransferSupport.isDataFlavorSupported(Ljava/awt/datatransfer/DataFlavor;)Z+25
j  org.andork.survey.SurveyTable$1.canImport(Ljavax/swing/TransferHandler$TransferSupport;)Z+4
j  javax.swing.TransferHandler$DropHandler.handleDrag(Ljava/awt/dnd/DropTargetDragEvent;)V+45
j  javax.swing.TransferHandler$DropHandler.dragEnter(Ljava/awt/dnd/DropTargetDragEvent;)V+18
j  java.awt.dnd.DropTarget.dragEnter(Ljava/awt/dnd/DropTargetDragEvent;)V+20
j  javax.swing.TransferHandler$SwingDropTarget.dragEnter(Ljava/awt/dnd/DropTargetDragEvent;)V+2
j  sun.awt.dnd.SunDropTargetContextPeer.processEnterMessage(Lsun/awt/dnd/SunDropTargetEvent;)V+117
j  sun.awt.dnd.SunDropTargetContextPeer$EventDispatcher.dispatchEnterEvent(Lsun/awt/dnd/SunDropTargetEvent;)V+88
j  sun.awt.dnd.SunDropTargetContextPeer$EventDispatcher.dispatchEvent(Lsun/awt/dnd/SunDropTargetEvent;)V+42
j  sun.awt.dnd.SunDropTargetEvent.dispatch()V+5
j  java.awt.Component.dispatchEventImpl(Ljava/awt/AWTEvent;)V+112
j  java.awt.Container.dispatchEventImpl(Ljava/awt/AWTEvent;)V+42
j  java.awt.Component.dispatchEvent(Ljava/awt/AWTEvent;)V+2
j  java.awt.LightweightDispatcher.retargetMouseEvent(Ljava/awt/Component;ILjava/awt/event/MouseEvent;)V+327
j  java.awt.LightweightDispatcher.trackMouseEnterExit(Ljava/awt/Component;Ljava/awt/event/MouseEvent;)V+158
j  java.awt.LightweightDispatcher.processDropTargetEvent(Lsun/awt/dnd/SunDropTargetEvent;)Z+111
j  java.awt.LightweightDispatcher.dispatchEvent(Ljava/awt/AWTEvent;)Z+16
j  java.awt.Container.dispatchEventImpl(Ljava/awt/AWTEvent;)V+12
j  java.awt.Window.dispatchEventImpl(Ljava/awt/AWTEvent;)V+19
j  java.awt.Component.dispatchEvent(Ljava/awt/AWTEvent;)V+2
j  java.awt.EventQueue.dispatchEventImpl(Ljava/awt/AWTEvent;Ljava/lang/Object;)V+41
j  java.awt.EventQueue.access$200(Ljava/awt/EventQueue;Ljava/awt/AWTEvent;Ljava/lang/Object;)V+3
j  java.awt.EventQueue$3.run()Ljava/lang/Void;+12
j  java.awt.EventQueue$3.run()Ljava/lang/Object;+1
v  ~StubRoutines::call_stub
j  java.security.AccessController.doPrivileged(Ljava/security/PrivilegedAction;Ljava/security/AccessControlContext;)Ljava/lang/Object;+0
j  java.security.ProtectionDomain$1.doIntersectionPrivilege(Ljava/security/PrivilegedAction;Ljava/security/AccessControlContext;Ljava/security/AccessControlContext;)Ljava/lang/Object;+28
j  java.security.ProtectionDomain$1.doIntersectionPrivilege(Ljava/security/PrivilegedAction;Ljava/security/AccessControlContext;)Ljava/lang/Object;+6
j  java.awt.EventQueue$4.run()Ljava/lang/Void;+11
j  java.awt.EventQueue$4.run()Ljava/lang/Object;+1
v  ~StubRoutines::call_stub
j  java.security.AccessController.doPrivileged(Ljava/security/PrivilegedAction;Ljava/security/AccessControlContext;)Ljava/lang/Object;+0
j  java.security.ProtectionDomain$1.doIntersectionPrivilege(Ljava/security/PrivilegedAction;Ljava/security/AccessControlContext;Ljava/security/AccessControlContext;)Ljava/lang/Object;+28
j  java.awt.EventQueue.dispatchEvent(Ljava/awt/AWTEvent;)V+73
j  java.awt.EventDispatchThread.pumpOneEventForFilters(I)V+245
j  java.awt.EventDispatchThread.pumpEventsForFilter(ILjava/awt/Conditional;Ljava/awt/EventFilter;)V+35
j  java.awt.EventDispatchThread.pumpEventsForHierarchy(ILjava/awt/Conditional;Ljava/awt/Component;)V+11
j  java.awt.EventDispatchThread.pumpEvents(ILjava/awt/Conditional;)V+4
j  java.awt.EventDispatchThread.pumpEvents(Ljava/awt/Conditional;)V+3
j  java.awt.EventDispatchThread.run()V+9
v  ~StubRoutines::call_stub

---------------  P R O C E S S  ---------------

Java Threads: ( => current thread )
  0x0546cc00 JavaThread "TimerQueue" daemon [_thread_blocked, id=8060, stack(0x09910000,0x09960000)]
  0x05469800 JavaThread "D3D Screen Updater" daemon [_thread_blocked, id=2716, stack(0x09450000,0x094a0000)]
  0x0031ac00 JavaThread "DestroyJavaVM" [_thread_blocked, id=4280, stack(0x00960000,0x009b0000)]
  0x05195800 JavaThread "main-SharedResourceRunner" daemon [_thread_blocked, id=7780, stack(0x04e30000,0x04e80000)]
=>0x03ef0c00 JavaThread "AWT-EventQueue-0" [_thread_in_native, id=5584, stack(0x04aa0000,0x04af0000)]
  0x03ebe800 JavaThread "AWT-Windows" daemon [_thread_in_native, id=8992, stack(0x04140000,0x04190000)]
  0x03ebe000 JavaThread "AWT-Shutdown" [_thread_blocked, id=6804, stack(0x008b0000,0x00900000)]
  0x03eb7800 JavaThread "Java2D Disposer" daemon [_thread_blocked, id=1168, stack(0x04240000,0x04290000)]
  0x01ae3c00 JavaThread "Service Thread" daemon [_thread_blocked, id=7120, stack(0x03d30000,0x03d80000)]
  0x01ade800 JavaThread "C1 CompilerThread0" daemon [_thread_blocked, id=4224, stack(0x03c90000,0x03ce0000)]
  0x01add800 JavaThread "Attach Listener" daemon [_thread_blocked, id=8424, stack(0x03e20000,0x03e70000)]
  0x01ada400 JavaThread "Signal Dispatcher" daemon [_thread_blocked, id=7724, stack(0x03da0000,0x03df0000)]
  0x01ac6800 JavaThread "Finalizer" daemon [_thread_blocked, id=9836, stack(0x007a0000,0x007f0000)]
  0x01ac5000 JavaThread "Reference Handler" daemon [_thread_blocked, id=8604, stack(0x03c40000,0x03c90000)]

Other Threads:
  0x01ac3c00 VMThread [stack: 0x03bb0000,0x03c00000] [id=1440]
  0x01aff400 WatcherThread [stack: 0x00240000,0x00290000] [id=2292]

VM state:not at safepoint (normal execution)

VM Mutex/Monitor currently owned by a thread: None

Heap
 def new generation   total 8448K, used 5860K [0x235f0000, 0x23f10000, 0x28b40000)
  eden space 7552K,  67% used [0x235f0000, 0x23ae7cc8, 0x23d50000)
  from space 896K,  86% used [0x23d50000, 0x23e115b0, 0x23e30000)
  to   space 896K,   0% used [0x23e30000, 0x23e30000, 0x23f10000)
 tenured generation   total 18616K, used 15957K [0x28b40000, 0x29d6e000, 0x335f0000)
   the space 18616K,  85% used [0x28b40000, 0x29ad57c0, 0x29ad5800, 0x29d6e000)
 compacting perm gen  total 12288K, used 5861K [0x335f0000, 0x341f0000, 0x375f0000)
   the space 12288K,  47% used [0x335f0000, 0x33ba97d8, 0x33ba9800, 0x341f0000)
    ro space 10240K,  45% used [0x375f0000, 0x37a77290, 0x37a77400, 0x37ff0000)
    rw space 12288K,  54% used [0x37ff0000, 0x3867ace8, 0x3867ae00, 0x38bf0000)

Card table byte_map: [0x009b0000,0x00a60000] byte_map_base: 0x00895080

Polling page: 0x002f0000

Code Cache  [0x01b20000, 0x01cb8000, 0x03b20000)
 total_blobs=1098 nmethods=688 adapters=344 free_code_cache=31156Kb largest_free_block=31904064

Compilation events (10 events):
Event: 16.875 Thread 0x01ade800  686             java.security.AccessControlContext::optimize (319 bytes)
Event: 16.878 Thread 0x01ade800 nmethod 686 0x01cb0c88 code [0x01cb0e00, 0x01cb1420]
Event: 17.169 Thread 0x01ade800  687             javax.swing.JComponent::contains (27 bytes)
Event: 17.170 Thread 0x01ade800 nmethod 687 0x01cb1a88 code [0x01cb1b80, 0x01cb1cb0]
Event: 17.170 Thread 0x01ade800  688             java.awt.Container::findComponentAtImpl (315 bytes)
Event: 17.173 Thread 0x01ade800 nmethod 688 0x01cb1d48 code [0x01cb1f20, 0x01cb24e4]
Event: 17.365 Thread 0x01ade800  689             sun.awt.AWTAutoShutdown::getInstance (4 bytes)
Event: 17.365 Thread 0x01ade800 nmethod 689 0x01cb2948 code [0x01cb2a40, 0x01cb2ab0]
Event: 17.561 Thread 0x01ade800  690             java.awt.EventQueue::getNextEventPrivate (76 bytes)
Event: 17.562 Thread 0x01ade800 nmethod 690 0x01cb2b08 code [0x01cb2c20, 0x01cb2d5c]

GC Heap History (10 events):
Event: 15.457 GC heap before
{Heap before GC invocations=12 (full 0):
 def new generation   total 4928K, used 4928K [0x235f0000, 0x23b40000, 0x28b40000)
  eden space 4416K, 100% used [0x235f0000, 0x23a40000, 0x23a40000)
  from space 512K, 100% used [0x23a40000, 0x23ac0000, 0x23ac0000)
  to   space 512K,   0% used [0x23ac0000, 0x23ac0000, 0x23b40000)
 tenured generation   total 10944K, used 10728K [0x28b40000, 0x295f0000, 0x335f0000)
   the space 10944K,  98% used [0x28b40000, 0x295ba328, 0x295ba400, 0x295f0000)
 compacting perm gen  total 12288K, used 5846K [0x335f0000, 0x341f0000, 0x375f0000)
   the space 12288K,  47% used [0x335f0000, 0x33ba5820, 0x33ba5a00, 0x341f0000)
    ro space 10240K,  45% used [0x375f0000, 0x37a77290, 0x37a77400, 0x37ff0000)
    rw space 12288K,  54% used [0x37ff0000, 0x3867ace8, 0x3867ae00, 0x38bf0000)
Event: 15.513 GC heap after
Heap after GC invocations=13 (full 1):
 def new generation   total 8448K, used 0K [0x235f0000, 0x23f10000, 0x28b40000)
  eden space 7552K,   0% used [0x235f0000, 0x235f0000, 0x23d50000)
  from space 896K,   0% used [0x23d50000, 0x23d50000, 0x23e30000)
  to   space 896K,   0% used [0x23e30000, 0x23e30000, 0x23f10000)
 tenured generation   total 18616K, used 11168K [0x28b40000, 0x29d6e000, 0x335f0000)
   the space 18616K,  59% used [0x28b40000, 0x29628100, 0x29628200, 0x29d6e000)
 compacting perm gen  total 12288K, used 5846K [0x335f0000, 0x341f0000, 0x375f0000)
   the space 12288K,  47% used [0x335f0000, 0x33ba5820, 0x33ba5a00, 0x341f0000)
    ro space 10240K,  45% used [0x375f0000, 0x37a77290, 0x37a77400, 0x37ff0000)
    rw space 12288K,  54% used [0x37ff0000, 0x3867ace8, 0x3867ae00, 0x38bf0000)
}
Event: 16.500 GC heap before
{Heap before GC invocations=13 (full 1):
 def new generation   total 8448K, used 7552K [0x235f0000, 0x23f10000, 0x28b40000)
  eden space 7552K, 100% used [0x235f0000, 0x23d50000, 0x23d50000)
  from space 896K,   0% used [0x23d50000, 0x23d50000, 0x23e30000)
  to   space 896K,   0% used [0x23e30000, 0x23e30000, 0x23f10000)
 tenured generation   total 18616K, used 11168K [0x28b40000, 0x29d6e000, 0x335f0000)
   the space 18616K,  59% used [0x28b40000, 0x29628100, 0x29628200, 0x29d6e000)
 compacting perm gen  total 12288K, used 5853K [0x335f0000, 0x341f0000, 0x375f0000)
   the space 12288K,  47% used [0x335f0000, 0x33ba75e8, 0x33ba7600, 0x341f0000)
    ro space 10240K,  45% used [0x375f0000, 0x37a77290, 0x37a77400, 0x37ff0000)
    rw space 12288K,  54% used [0x37ff0000, 0x3867ace8, 0x3867ae00, 0x38bf0000)
Event: 16.504 GC heap after
Heap after GC invocations=14 (full 1):
 def new generation   total 8448K, used 895K [0x235f0000, 0x23f10000, 0x28b40000)
  eden space 7552K,   0% used [0x235f0000, 0x235f0000, 0x23d50000)
  from space 896K,  99% used [0x23e30000, 0x23f0fff8, 0x23f10000)
  to   space 896K,   0% used [0x23d50000, 0x23d50000, 0x23e30000)
 tenured generation   total 18616K, used 12262K [0x28b40000, 0x29d6e000, 0x335f0000)
   the space 18616K,  65% used [0x28b40000, 0x29739918, 0x29739a00, 0x29d6e000)
 compacting perm gen  total 12288K, used 5853K [0x335f0000, 0x341f0000, 0x375f0000)
   the space 12288K,  47% used [0x335f0000, 0x33ba75e8, 0x33ba7600, 0x341f0000)
    ro space 10240K,  45% used [0x375f0000, 0x37a77290, 0x37a77400, 0x37ff0000)
    rw space 12288K,  54% used [0x37ff0000, 0x3867ace8, 0x3867ae00, 0x38bf0000)
}
Event: 16.587 GC heap before
{Heap before GC invocations=14 (full 1):
 def new generation   total 8448K, used 8447K [0x235f0000, 0x23f10000, 0x28b40000)
  eden space 7552K, 100% used [0x235f0000, 0x23d50000, 0x23d50000)
  from space 896K,  99% used [0x23e30000, 0x23f0fff8, 0x23f10000)
  to   space 896K,   0% used [0x23d50000, 0x23d50000, 0x23e30000)
 tenured generation   total 18616K, used 12262K [0x28b40000, 0x29d6e000, 0x335f0000)
   the space 18616K,  65% used [0x28b40000, 0x29739918, 0x29739a00, 0x29d6e000)
 compacting perm gen  total 12288K, used 5861K [0x335f0000, 0x341f0000, 0x375f0000)
   the space 12288K,  47% used [0x335f0000, 0x33ba97c8, 0x33ba9800, 0x341f0000)
    ro space 10240K,  45% used [0x375f0000, 0x37a77290, 0x37a77400, 0x37ff0000)
    rw space 12288K,  54% used [0x37ff0000, 0x3867ace8, 0x3867ae00, 0x38bf0000)
Event: 16.596 GC heap after
Heap after GC invocations=15 (full 1):
 def new generation   total 8448K, used 896K [0x235f0000, 0x23f10000, 0x28b40000)
  eden space 7552K,   0% used [0x235f0000, 0x235f0000, 0x23d50000)
  from space 896K, 100% used [0x23d50000, 0x23e30000, 0x23e30000)
  to   space 896K,   0% used [0x23e30000, 0x23e30000, 0x23f10000)
 tenured generation   total 18616K, used 14290K [0x28b40000, 0x29d6e000, 0x335f0000)
   the space 18616K,  76% used [0x28b40000, 0x29934950, 0x29934a00, 0x29d6e000)
 compacting perm gen  total 12288K, used 5861K [0x335f0000, 0x341f0000, 0x375f0000)
   the space 12288K,  47% used [0x335f0000, 0x33ba97c8, 0x33ba9800, 0x341f0000)
    ro space 10240K,  45% used [0x375f0000, 0x37a77290, 0x37a77400, 0x37ff0000)
    rw space 12288K,  54% used [0x37ff0000, 0x3867ace8, 0x3867ae00, 0x38bf0000)
}
Event: 16.630 GC heap before
{Heap before GC invocations=15 (full 1):
 def new generation   total 8448K, used 8448K [0x235f0000, 0x23f10000, 0x28b40000)
  eden space 7552K, 100% used [0x235f0000, 0x23d50000, 0x23d50000)
  from space 896K, 100% used [0x23d50000, 0x23e30000, 0x23e30000)
  to   space 896K,   0% used [0x23e30000, 0x23e30000, 0x23f10000)
 tenured generation   total 18616K, used 14290K [0x28b40000, 0x29d6e000, 0x335f0000)
   the space 18616K,  76% used [0x28b40000, 0x29934950, 0x29934a00, 0x29d6e000)
 compacting perm gen  total 12288K, used 5861K [0x335f0000, 0x341f0000, 0x375f0000)
   the space 12288K,  47% used [0x335f0000, 0x33ba97c8, 0x33ba9800, 0x341f0000)
    ro space 10240K,  45% used [0x375f0000, 0x37a77290, 0x37a77400, 0x37ff0000)
    rw space 12288K,  54% used [0x37ff0000, 0x3867ace8, 0x3867ae00, 0x38bf0000)
Event: 16.637 GC heap after
Heap after GC invocations=16 (full 1):
 def new generation   total 8448K, used 771K [0x235f0000, 0x23f10000, 0x28b40000)
  eden space 7552K,   0% used [0x235f0000, 0x235f0000, 0x23d50000)
  from space 896K,  86% used [0x23e30000, 0x23ef0fb0, 0x23f10000)
  to   space 896K,   0% used [0x23d50000, 0x23d50000, 0x23e30000)
 tenured generation   total 18616K, used 15186K [0x28b40000, 0x29d6e000, 0x335f0000)
   the space 18616K,  81% used [0x28b40000, 0x29a14900, 0x29a14a00, 0x29d6e000)
 compacting perm gen  total 12288K, used 5861K [0x335f0000, 0x341f0000, 0x375f0000)
   the space 12288K,  47% used [0x335f0000, 0x33ba97c8, 0x33ba9800, 0x341f0000)
    ro space 10240K,  45% used [0x375f0000, 0x37a77290, 0x37a77400, 0x37ff0000)
    rw space 12288K,  54% used [0x37ff0000, 0x3867ace8, 0x3867ae00, 0x38bf0000)
}
Event: 16.664 GC heap before
{Heap before GC invocations=16 (full 1):
 def new generation   total 8448K, used 8323K [0x235f0000, 0x23f10000, 0x28b40000)
  eden space 7552K, 100% used [0x235f0000, 0x23d50000, 0x23d50000)
  from space 896K,  86% used [0x23e30000, 0x23ef0fb0, 0x23f10000)
  to   space 896K,   0% used [0x23d50000, 0x23d50000, 0x23e30000)
 tenured generation   total 18616K, used 15186K [0x28b40000, 0x29d6e000, 0x335f0000)
   the space 18616K,  81% used [0x28b40000, 0x29a14900, 0x29a14a00, 0x29d6e000)
 compacting perm gen  total 12288K, used 5861K [0x335f0000, 0x341f0000, 0x375f0000)
   the space 12288K,  47% used [0x335f0000, 0x33ba97c8, 0x33ba9800, 0x341f0000)
    ro space 10240K,  45% used [0x375f0000, 0x37a77290, 0x37a77400, 0x37ff0000)
    rw space 12288K,  54% used [0x37ff0000, 0x3867ace8, 0x3867ae00, 0x38bf0000)
Event: 16.671 GC heap after
Heap after GC invocations=17 (full 1):
 def new generation   total 8448K, used 773K [0x235f0000, 0x23f10000, 0x28b40000)
  eden space 7552K,   0% used [0x235f0000, 0x235f0000, 0x23d50000)
  from space 896K,  86% used [0x23d50000, 0x23e115b0, 0x23e30000)
  to   space 896K,   0% used [0x23e30000, 0x23e30000, 0x23f10000)
 tenured generation   total 18616K, used 15957K [0x28b40000, 0x29d6e000, 0x335f0000)
   the space 18616K,  85% used [0x28b40000, 0x29ad57c0, 0x29ad5800, 0x29d6e000)
 compacting perm gen  total 12288K, used 5861K [0x335f0000, 0x341f0000, 0x375f0000)
   the space 12288K,  47% used [0x335f0000, 0x33ba97c8, 0x33ba9800, 0x341f0000)
    ro space 10240K,  45% used [0x375f0000, 0x37a77290, 0x37a77400, 0x37ff0000)
    rw space 12288K,  54% used [0x37ff0000, 0x3867ace8, 0x3867ae00, 0x38bf0000)
}

Deoptimization events (0 events):
No events

Internal exceptions (10 events):
Event: 1.472 Thread 0x0031ac00 Threw 0x23960db0 at C:\jdk7u2_32P\jdk7u15\hotspot\src\share\vm\prims\jvm.cpp:1166
Event: 1.576 Thread 0x03ef0c00 Threw 0x23a18470 at C:\jdk7u2_32P\jdk7u15\hotspot\src\share\vm\prims\jvm.cpp:1166
Event: 1.577 Thread 0x03ef0c00 Threw 0x23a1d148 at C:\jdk7u2_32P\jdk7u15\hotspot\src\share\vm\prims\jvm.cpp:1166
Event: 1.577 Thread 0x03ef0c00 Threw 0x23a23fa0 at C:\jdk7u2_32P\jdk7u15\hotspot\src\share\vm\prims\jvm.cpp:1166
Event: 1.578 Thread 0x03ef0c00 Threw 0x23a2ae90 at C:\jdk7u2_32P\jdk7u15\hotspot\src\share\vm\prims\jvm.cpp:1166
Event: 1.579 Thread 0x03ef0c00 Threw 0x23a301f8 at C:\jdk7u2_32P\jdk7u15\hotspot\src\share\vm\prims\jvm.cpp:1166
Event: 1.579 Thread 0x03ef0c00 Threw 0x23a35ab8 at C:\jdk7u2_32P\jdk7u15\hotspot\src\share\vm\prims\jvm.cpp:1166
Event: 1.580 Thread 0x03ef0c00 Threw 0x23a3a4c8 at C:\jdk7u2_32P\jdk7u15\hotspot\src\share\vm\prims\jvm.cpp:1166
Event: 1.610 Thread 0x03ef0c00 Threw 0x23606e88 at C:\jdk7u2_32P\jdk7u15\hotspot\src\share\vm\prims\jvm.cpp:1166
Event: 1.610 Thread 0x03ef0c00 Threw 0x2360b1c0 at C:\jdk7u2_32P\jdk7u15\hotspot\src\share\vm\prims\jvm.cpp:1166

Events (10 events):
Event: 16.531 loading class 0x38c2a898
Event: 16.531 loading class 0x38c2a898 done
Event: 16.531 loading class 0x05482468
Event: 16.531 loading class 0x05482468 done
Event: 16.587 Executing VM operation: GenCollectForAllocation
Event: 16.596 Executing VM operation: GenCollectForAllocation done
Event: 16.630 Executing VM operation: GenCollectForAllocation
Event: 16.637 Executing VM operation: GenCollectForAllocation done
Event: 16.664 Executing VM operation: GenCollectForAllocation
Event: 16.671 Executing VM operation: GenCollectForAllocation done


Dynamic libraries:
0x00aa0000 - 0x00acf000 	C:\Program Files\Java\jdk1.7.0_15\bin\javaw.exe
0x771f0000 - 0x7732c000 	C:\Windows\SYSTEM32\ntdll.dll
0x755c0000 - 0x75694000 	C:\Windows\system32\kernel32.dll
0x75510000 - 0x7555b000 	C:\Windows\system32\KERNELBASE.dll
0x75c40000 - 0x75ce0000 	C:\Windows\system32\ADVAPI32.dll
0x76ed0000 - 0x76f7c000 	C:\Windows\system32\msvcrt.dll
0x76160000 - 0x76179000 	C:\Windows\SYSTEM32\sechost.dll
0x75ac0000 - 0x75b62000 	C:\Windows\system32\RPCRT4.dll
0x75ce0000 - 0x75da9000 	C:\Windows\system32\USER32.dll
0x76f80000 - 0x76fce000 	C:\Windows\system32\GDI32.dll
0x76150000 - 0x7615a000 	C:\Windows\system32\LPK.dll
0x76e30000 - 0x76ecd000 	C:\Windows\system32\USP10.dll
0x73cc0000 - 0x73e5e000 	C:\Windows\WinSxS\x86_microsoft.windows.common-controls_6595b64144ccf1df_6.0.7601.17514_none_41e6975e2bd6f2b2\COMCTL32.dll
0x756b0000 - 0x75707000 	C:\Windows\system32\SHLWAPI.dll
0x77400000 - 0x7741f000 	C:\Windows\system32\IMM32.DLL
0x75b70000 - 0x75c3c000 	C:\Windows\system32\MSCTF.dll
0x647c0000 - 0x6487e000 	C:\Program Files\Java\jdk1.7.0_15\jre\bin\msvcr100.dll
0x77980000 - 0x77ccc000 	C:\Program Files\Java\jdk1.7.0_15\jre\bin\client\jvm.dll
0x6fad0000 - 0x6fad7000 	C:\Windows\system32\WSOCK32.dll
0x77330000 - 0x77365000 	C:\Windows\system32\WS2_32.dll
0x76140000 - 0x76146000 	C:\Windows\system32\NSI.dll
0x735c0000 - 0x735f2000 	C:\Windows\system32\WINMM.dll
0x756a0000 - 0x756a5000 	C:\Windows\system32\PSAPI.DLL
0x747e0000 - 0x747ec000 	C:\Program Files\Java\jdk1.7.0_15\jre\bin\verify.dll
0x71bc0000 - 0x71be0000 	C:\Program Files\Java\jdk1.7.0_15\jre\bin\java.dll
0x6c030000 - 0x6c043000 	C:\Program Files\Java\jdk1.7.0_15\jre\bin\zip.dll
0x5e840000 - 0x5e982000 	C:\Program Files\Java\jdk1.7.0_15\jre\bin\awt.dll
0x77370000 - 0x773ff000 	C:\Windows\system32\OLEAUT32.dll
0x757a0000 - 0x758fc000 	C:\Windows\system32\ole32.dll
0x74480000 - 0x744c0000 	C:\Windows\system32\uxtheme.dll
0x74150000 - 0x74163000 	C:\Windows\system32\dwmapi.dll
0x75220000 - 0x7522c000 	C:\Windows\system32\CRYPTBASE.dll
0x76180000 - 0x76dca000 	C:\Windows\system32\SHELL32.dll
0x74a50000 - 0x74a66000 	C:\Windows\system32\CRYPTSP.dll
0x747f0000 - 0x7482b000 	C:\Windows\system32\rsaenh.dll
0x74ca0000 - 0x74cb7000 	C:\Windows\system32\USERENV.dll
0x75230000 - 0x7523b000 	C:\Windows\system32\profapi.dll
0x6c010000 - 0x6c024000 	C:\Program Files\Java\jdk1.7.0_15\jre\bin\net.dll
0x74a10000 - 0x74a4c000 	C:\Windows\system32\mswsock.dll
0x74a00000 - 0x74a06000 	C:\Windows\System32\wship6.dll
0x73410000 - 0x73420000 	C:\Windows\system32\NLAapi.dll
0x695f0000 - 0x69600000 	C:\Windows\system32\napinsp.dll
0x693f0000 - 0x69402000 	C:\Windows\system32\pnrpnsp.dll
0x748d0000 - 0x74914000 	C:\Windows\system32\DNSAPI.dll
0x693e0000 - 0x693e8000 	C:\Windows\System32\winrnr.dll
0x6d340000 - 0x6d361000 	C:\Program Files\Bonjour\mdnsNSP.dll
0x72e40000 - 0x72e5c000 	C:\Windows\system32\Iphlpapi.DLL
0x72e30000 - 0x72e37000 	C:\Windows\system32\WINNSI.DLL
0x74b80000 - 0x74b85000 	C:\Windows\System32\wshtcpip.dll
0x6d330000 - 0x6d336000 	C:\Windows\system32\rasadhlp.dll
0x71da0000 - 0x71dd8000 	C:\Windows\System32\fwpuclnt.dll
0x738a0000 - 0x738ae000 	C:\Program Files\Java\jdk1.7.0_15\jre\bin\nio.dll
0x637c0000 - 0x637cb000 	C:\Users\Andy\AppData\Local\Temp\jogamp_0000\file_cache\jln5924087108492477058\jln8103691193247985703\gluegen-rt.dll
0x71ad0000 - 0x71ad6000 	C:\Program Files\Java\jdk1.7.0_15\jre\bin\jawt.dll
0x6a440000 - 0x6a44b000 	C:\Users\Andy\AppData\Local\Temp\jogamp_0000\file_cache\jln5924087108492477058\jln8103691193247985703\nativewindow_awt.dll
0x629d0000 - 0x62b93000 	C:\Windows\system32\d3d9.dll
0x74bf0000 - 0x74bf9000 	C:\Windows\system32\VERSION.dll
0x738c0000 - 0x738c6000 	C:\Windows\system32\d3d8thk.dll
0x5a510000 - 0x5b37e000 	C:\Windows\system32\nvd3dum.dll
0x743e0000 - 0x74405000 	C:\Windows\system32\powrprof.dll
0x77050000 - 0x771ed000 	C:\Windows\system32\SETUPAPI.dll
0x752e0000 - 0x75307000 	C:\Windows\system32\CFGMGR32.dll
0x75570000 - 0x75582000 	C:\Windows\system32\DEVOBJ.dll
0x10000000 - 0x1010a000 	C:\Program Files\NVIDIA Corporation\3D Vision\nvSCPAPI.dll
0x6c100000 - 0x6c10c000 	C:\Users\Andy\AppData\Local\Temp\jogamp_0000\file_cache\jln5924087108492477058\jln8103691193247985703\nativewindow_win32.dll
0x64c10000 - 0x64cd8000 	C:\Windows\system32\OpenGL32.dll
0x64de0000 - 0x64e02000 	C:\Windows\system32\GLU32.dll
0x643e0000 - 0x644c7000 	C:\Windows\system32\DDRAW.dll
0x71860000 - 0x71866000 	C:\Windows\system32\DCIMAN32.dll
0x64500000 - 0x64592000 	C:\Users\Andy\AppData\Local\Temp\jogamp_0000\file_cache\jln5924087108492477058\jln8103691193247985703\jogl_desktop.dll
0x06c10000 - 0x07fb7000 	C:\Windows\system32\nvoglv32.DLL
0x754e0000 - 0x7550e000 	C:\Windows\system32\WINTRUST.dll
0x753c0000 - 0x754e0000 	C:\Windows\system32\CRYPT32.dll
0x752a0000 - 0x752ac000 	C:\Windows\system32\MSASN1.dll
0x74340000 - 0x74361000 	C:\Windows\system32\ntmarta.dll
0x75db0000 - 0x75df5000 	C:\Windows\system32\WLDAP32.dll
0x64be0000 - 0x64c0a000 	C:\Program Files\Java\jdk1.7.0_15\jre\bin\fontmanager.dll
0x64a90000 - 0x64ac1000 	C:\Program Files\Java\jdk1.7.0_15\jre\bin\t2k.dll
0x75710000 - 0x75793000 	C:\Windows\system32\CLBCatQ.DLL
0x73ad0000 - 0x73c00000 	C:\Windows\system32\WindowsCodecs.dll
0x75170000 - 0x751bc000 	C:\Windows\system32\apphelp.dll
0x6bc30000 - 0x6bc52000 	C:\Users\Andy\AppData\Roaming\Dropbox\bin\DropboxExt.22.dll
0x68730000 - 0x6881b000 	C:\Windows\system32\dbghelp.dll
0x65650000 - 0x656de000 	C:\Windows\WinSxS\x86_microsoft.vc90.crt_1fc8b3b9a1e18e3b_9.0.30729.6161_none_50934f2ebcb7eb57\MSVCP90.dll
0x6fd90000 - 0x6fe33000 	C:\Windows\WinSxS\x86_microsoft.vc90.crt_1fc8b3b9a1e18e3b_9.0.30729.6161_none_50934f2ebcb7eb57\MSVCR90.dll
0x6b130000 - 0x6b161000 	C:\Windows\system32\EhStorShell.dll
0x744c0000 - 0x745b5000 	C:\Windows\system32\PROPSYS.dll
0x65910000 - 0x6599f000 	C:\Program Files\Google\Drive\googledrivesync32.dll
0x661c0000 - 0x663dd000 	C:\PROGRA~1\MICROS~2\Office12\GR469A~1.DLL
0x68ef0000 - 0x68fe1000 	C:\PROGRA~1\MICROS~2\Office12\GrooveUtil.DLL
0x75900000 - 0x75ab8000 	C:\Windows\system32\WININET.dll
0x753b0000 - 0x753b4000 	C:\Windows\system32\api-ms-win-downlevel-user32-l1-1-0.dll
0x753a0000 - 0x753a5000 	C:\Windows\system32\api-ms-win-downlevel-advapi32-l1-1-0.dll
0x752d0000 - 0x752d4000 	C:\Windows\system32\api-ms-win-downlevel-shlwapi-l1-1-0.dll
0x752b0000 - 0x752b4000 	C:\Windows\system32\api-ms-win-downlevel-version-l1-1-0.dll
0x75560000 - 0x75563000 	C:\Windows\system32\api-ms-win-downlevel-normaliz-l1-1-0.dll
0x75e00000 - 0x75e03000 	C:\Windows\system32\normaliz.DLL
0x75e10000 - 0x76008000 	C:\Windows\system32\iertutil.dll
0x6f890000 - 0x6f92b000 	C:\Windows\WinSxS\x86_microsoft.vc80.crt_1fc8b3b9a1e18e3b_8.0.50727.6195_none_d09154e044272b9a\MSVCR80.dll
0x68ff0000 - 0x68ff7000 	C:\PROGRA~1\MICROS~2\Office12\GrooveNew.DLL
0x6bbb0000 - 0x6bbcb000 	C:\Windows\WinSxS\x86_microsoft.vc80.atl_1fc8b3b9a1e18e3b_8.0.50727.6195_none_d1cb102c435421de\ATL80.DLL
0x729f0000 - 0x729f5000 	C:\Windows\system32\MSImg32.dll
0x74f20000 - 0x74f2e000 	C:\Windows\system32\RpcRtRemote.dll

VM Arguments:
jvm_args: -Dfile.encoding=Cp1252 
java_command: org.andork.survey.SurveyEditorPane
Launcher Type: SUN_STANDARD

Environment Variables:
JAVA_HOME=C:\Program Files\Java\jdk1.7.0_15
CLASSPATH=.;C:\Program Files\Java\jre7\lib\ext\QTJava.zip
PATH=C:/Program Files/Java/jre7/bin/client;C:/Program Files/Java/jre7/bin;C:/Program Files/Java/jre7/lib/i386;C:\Windows\system32;C:\Windows;C:\Windows\System32\Wbem;C:\Windows\System32\WindowsPowerShell\v1.0\;C:\Program Files\QuickTime\QTSystem\;C:\Program Files\bin;C:\adt-bundle-windows-x86-20130522\eclipse;
USERNAME=Andy
OS=Windows_NT
PROCESSOR_IDENTIFIER=x86 Family 6 Model 23 Stepping 6, GenuineIntel



---------------  S Y S T E M  ---------------

OS: Windows 7 Build 7601 Service Pack 1

CPU:total 2 (2 cores per cpu, 1 threads per core) family 6 model 23 stepping 6, cmov, cx8, fxsr, mmx, sse, sse2, sse3, ssse3, sse4.1, tsc

Memory: 4k page, physical 3667936k(1585780k free), swap 7334120k(2389140k free)

vm_info: Java HotSpot(TM) Client VM (23.7-b01) for windows-x86 JRE (1.7.0_15-b03), built on Feb 15 2013 14:01:25 by "java_re" with unknown MS VC++:1600

time: Wed Nov 06 01:05:22 2013
elapsed time: 24 seconds

